Terminals unused in grammar

   SINGLE_ERROR
   WORD_ERROR
   PUNCTUATION
   SUMOP
   PRODUCTOP
   UNARYOP
   RELATIONOP
   OPERATOR
   FLOAT
   SCIENTIFIC
   IDENTIFIER
   KEYWORD


Grammar

    0 $accept: input $end

    1 input: exp

    2 exp: INTEGER
    3    | exp PLUS exp
    4    | exp MINUS exp
    5    | exp TIMES exp
    6    | exp DIV exp
    7    | exp EXP exp
    8    | MINUS exp
    9    | LPAREN exp RPAREN


Terminals, with rules where they appear

$end (0) 0
error (256)
SINGLE_ERROR (258)
WORD_ERROR (259)
PUNCTUATION (260)
SUMOP (261)
PRODUCTOP (262)
UNARYOP (263)
RELATIONOP (264)
OPERATOR (265)
INTEGER (266) 2
FLOAT (267)
SCIENTIFIC (268)
IDENTIFIER (269)
KEYWORD (270)
RPAREN (271) 9
LPAREN (272) 9
PLUS (273) 3
MINUS (274) 4 8
TIMES (275) 5
DIV (276) 6
NEG (277)
EXP (278) 7


Nonterminals, with rules where they appear

$accept (24)
    on left: 0
input (25)
    on left: 1, on right: 0
exp (26)
    on left: 2 3 4 5 6 7 8 9, on right: 1 3 4 5 6 7 8 9


State 0

    0 $accept: . input $end

    INTEGER  shift, and go to state 1
    LPAREN   shift, and go to state 2
    MINUS    shift, and go to state 3

    input  go to state 4
    exp    go to state 5


State 1

    2 exp: INTEGER .

    $default  reduce using rule 2 (exp)


State 2

    9 exp: LPAREN . exp RPAREN

    INTEGER  shift, and go to state 1
    LPAREN   shift, and go to state 2
    MINUS    shift, and go to state 3

    exp  go to state 6


State 3

    8 exp: MINUS . exp

    INTEGER  shift, and go to state 1
    LPAREN   shift, and go to state 2
    MINUS    shift, and go to state 3

    exp  go to state 7


State 4

    0 $accept: input . $end

    $end  shift, and go to state 8


State 5

    1 input: exp .
    3 exp: exp . PLUS exp
    4    | exp . MINUS exp
    5    | exp . TIMES exp
    6    | exp . DIV exp
    7    | exp . EXP exp

    PLUS   shift, and go to state 9
    MINUS  shift, and go to state 10
    TIMES  shift, and go to state 11
    DIV    shift, and go to state 12
    EXP    shift, and go to state 13

    $default  reduce using rule 1 (input)


State 6

    3 exp: exp . PLUS exp
    4    | exp . MINUS exp
    5    | exp . TIMES exp
    6    | exp . DIV exp
    7    | exp . EXP exp
    9    | LPAREN exp . RPAREN

    RPAREN  shift, and go to state 14
    PLUS    shift, and go to state 9
    MINUS   shift, and go to state 10
    TIMES   shift, and go to state 11
    DIV     shift, and go to state 12
    EXP     shift, and go to state 13


State 7

    3 exp: exp . PLUS exp
    4    | exp . MINUS exp
    5    | exp . TIMES exp
    6    | exp . DIV exp
    7    | exp . EXP exp
    8    | MINUS exp .

    EXP  shift, and go to state 13

    $default  reduce using rule 8 (exp)


State 8

    0 $accept: input $end .

    $default  accept


State 9

    3 exp: exp PLUS . exp

    INTEGER  shift, and go to state 1
    LPAREN   shift, and go to state 2
    MINUS    shift, and go to state 3

    exp  go to state 15


State 10

    4 exp: exp MINUS . exp

    INTEGER  shift, and go to state 1
    LPAREN   shift, and go to state 2
    MINUS    shift, and go to state 3

    exp  go to state 16


State 11

    5 exp: exp TIMES . exp

    INTEGER  shift, and go to state 1
    LPAREN   shift, and go to state 2
    MINUS    shift, and go to state 3

    exp  go to state 17


State 12

    6 exp: exp DIV . exp

    INTEGER  shift, and go to state 1
    LPAREN   shift, and go to state 2
    MINUS    shift, and go to state 3

    exp  go to state 18


State 13

    7 exp: exp EXP . exp

    INTEGER  shift, and go to state 1
    LPAREN   shift, and go to state 2
    MINUS    shift, and go to state 3

    exp  go to state 19


State 14

    9 exp: LPAREN exp RPAREN .

    $default  reduce using rule 9 (exp)


State 15

    3 exp: exp . PLUS exp
    3    | exp PLUS exp .
    4    | exp . MINUS exp
    5    | exp . TIMES exp
    6    | exp . DIV exp
    7    | exp . EXP exp

    TIMES  shift, and go to state 11
    DIV    shift, and go to state 12
    EXP    shift, and go to state 13

    $default  reduce using rule 3 (exp)


State 16

    3 exp: exp . PLUS exp
    4    | exp . MINUS exp
    4    | exp MINUS exp .
    5    | exp . TIMES exp
    6    | exp . DIV exp
    7    | exp . EXP exp

    TIMES  shift, and go to state 11
    DIV    shift, and go to state 12
    EXP    shift, and go to state 13

    $default  reduce using rule 4 (exp)


State 17

    3 exp: exp . PLUS exp
    4    | exp . MINUS exp
    5    | exp . TIMES exp
    5    | exp TIMES exp .
    6    | exp . DIV exp
    7    | exp . EXP exp

    EXP  shift, and go to state 13

    $default  reduce using rule 5 (exp)


State 18

    3 exp: exp . PLUS exp
    4    | exp . MINUS exp
    5    | exp . TIMES exp
    6    | exp . DIV exp
    6    | exp DIV exp .
    7    | exp . EXP exp

    EXP  shift, and go to state 13

    $default  reduce using rule 6 (exp)


State 19

    3 exp: exp . PLUS exp
    4    | exp . MINUS exp
    5    | exp . TIMES exp
    6    | exp . DIV exp
    7    | exp . EXP exp
    7    | exp EXP exp .

    EXP  shift, and go to state 13

    $default  reduce using rule 7 (exp)
